[    0.000000] Initializing cgroup subsys cpuset
[    0.000000] Initializing cgroup subsys cpu
[    0.000000] Initializing cgroup subsys cpuacct[   0000] Liuxerion 4.4.0-138-gneric (buildd@lcy01-amd64-006) (gcc version 5.4.0 20160609 (Ubuntu 5.4.0-6ubuntu1~16.04.10) ) #164-Ubuntu SMP Tue Oct 2 17:16:02 UTC 2018 (Ubuntu 4.4.0-138.164-generic 4.4.155)
[    0.000000] Command line: BOOT_IMAGE=/boot/vmlinuz-4.4.0-138-generic root=LABEL=cloudimg-rootfs ro console=tty1 console=ttyS0
[    0.000000] KERNEL supported cpus:
[    0.000000]   Intel GenuineIntel
[    0.000000]   AMD AuthenticAMD
[    0.000000]   Centaur CentaurHauls
[    0.000000] x86/fpu: xstate_offset[2]:  576, xstate_sizes[2]:  256
[    0.000000] x86/fpu: Supprtngg XSAVE feature 0x01: 'x87 floating point registers'
[    0.000000] x86/fpu: Supporting XSAVE feature 0x02: 'SSE registers'
[   .000000] x86/fpu: Supporting XSAVE feature 0x04: 'AVX registers'
[    0.000000] x86/fpu: Enabled xstate features 0x7, context size is 832 bytes, using 'standard' format.
[    0.000000] e820: BIOS-provided physical RAM map:
[    0.000000] BIOS-e820: [mem x0000000000000000-0x000000000009fbff] usable
[    0.000000] BIOS-e820: [mem 0x000000000009fc00-0x000000000009ffff] reserved
[    0.000000] BIOS-e820: [mem 0x00000000000f0000-0x00000000000fffff] reserved
[    0.000000] BIOS-e820: [mem 0x0000000000100000-0x000000003ffeffff] usable
[    0.000000] BIOS-e820: [mem 0x000000003fff0000-0x000000003fffffff] ACPI data
[    0.000000] BIOS-e820: [mem 0x00000000fec00000-0x00000000fec00fff] reserved
[    0.000000] BIOS-e820: [mem 0x00000000fee00000-0x00000000fee00fff] reserved
[    0.000000] BIOS-e820: [mem 0x00000000fffc0000-0x0000000ffff] reserved
[   0.000000] NX (Execute Disable) protection: active
[   000000] SMBIOS 2.5 present.
[    0.000000] Hypervisor detected: KVM
[    0.000000] Kernel/User page tables isolation: disabled
[    0.000000] e820: last_pfn = 0x3fff0 max_arch_pfn = 0x400000000
[    0.000000] MTRR: Disabled
[    0.000000] x86/PAT: MTRRs disabled, skipping PAT initialization too.
[    0.000000] CPU MTRRs all blank - virtualized system.
[    0.000000] x86/PAT: Configuration [0-7]: WB  WT  UC- UC  WB  WT  UC- UC  
[    0.000000] found SMP MP-table at [mm x0009fff0-0x0009ffff] mapped at [ffff88000009fff0]
[    0.000000] Scanning 1 areas for low memory corruption
[    0.000000] RAMDISK: [mem 0x3630c000-0x3717dfff]
[    0.000000] ACPI: Early table checksum verification disabled
[    0.000000] ACPI: RSDP 0x00000000000E0000 000024 (v02 VBOX  )
[    0.000000] ACPI: XSDT 0x000000003FFF0030 00003C (v01 VBOX   VBOXXSDT 00000001 ASL  00000061)
[    .0000] ACPI: FACP 0x000000003FFF00F0 0000F4 (v04 VBOX   VBOXFACP 00000001 ASL  00000061)
[    0.000000] ACPI: DSDT 0x000000003FFF0470 0021FF (v02 VBOX   VBOXBIOS 00000002 INTL 20100528)
[    0.000000] ACPI: FACS 0x000000003FFF0200 000040
[    0.000000] ACPI: FACS 0x000000003FFF0200 000040
[    0.000000] ACPI: APIC 0x000000003FFF0240 00005C (v02 VBOX   VBOXAPIC 00000001 ASL  00000061)
[    0.000000] ACPI: SSDT 0x000000003FFF02A0 0001C (v01 VBOX   VBOXCPUT 00000002 INTL 20100528)
[    0.000000] No NUMA configuration found
[    0.000000] Faking a node at [mem 0x0000000000000000-0x000000003ffeffff]
[    0.000000] NODE_DATA(0) allocated [mem 0x3ffeb000-0x3ffeffff]
[    0.000000] kvm-clock: Using msrs 4b56d0 and 4b564d00
[    .000] kvm-clock: cpu 0, msr 0:3ffe3001, primary cpu clock
[    0.000000] kvm-clock: using sched offset of 4342488552 cycles
[    0.000000] clocksource: kvm-clock: mask: 0xffffffffffffffffmax_cycles: 0x1cd42e4dffb, max_idle_ns: 881590591483 ns
[    0.000000] Zone ranges:
[    0.000000]   DMA      [mem 0x0000000000001000-0x0000000000ffffff]
[    0.000000]   DMA32    [mem 0x0000000001000000-0x000000003ffeffff]
[    0.000000]   Normal   empty
[    0.000000]   Device   empty
[    0.00000] Movable zone start for each node
[    0.000000] Early memory node ranges
[    0.000000]   node   0: [mem 0x0000000000001000-0x000000000009efff]
[    0.000000]   node   0: [mem 0x0000000000100000-0x000000003ffeffff]
[    0.000000] Initmem setup node 0 [mem 0x0000000000001000-0x000000003ffeffff]
[    0.000000] ACPI: PM-Timer IO Port: 0x4008
[   0000] IOAIC[0]: apc_id 2, version 32, address 0xfec00000, GSI 0-23
[    0.000000] ACPI: INT_SRC_OVR (bus 0 bus_irq 0 global_irq 2 dfl dfl)
[    0.000000] ACPI: INT_SRC_OVR (bus 0 bus_irq 9 global_irq 9 low level)
[    0.000000] Using ACPI(MDT) for SMP configuration information
[    0.0000] smpboot: Allowing 2 CPUs, 0 hotplug CPUs
[    0.000000] PM: Registered nosave memory: [mem 0x00000000-0x00000fff]
[    0.000000] PM: Registered nosave memory: [mem 0x0009f000-0x0009ffff]
[    0.000000] PM: Registered nosave memory: [mem 0x000a0000-0x000effff]
[    0.000000] PM: Registered nosave memory: [mem 0x000f0000-0x000fffff]
[    0.000000] e820: [mem 0x40000000-0xfebfffff] available for PCI devices
[    0.000000] Booting paravirtualized kernel on KVM
[    0.000000] clocksource: refined-jiffies: mask: 0xffffffff max_cycles: 0xffffffff, max_idle_ns: 7645519600211568 ns
[    0.000000] setup_percpu: NR_CPUS:512 nr_cpumask_bits:512 nr_cpu_ids:2 nr_node_ids:1
[    0.000000] PERCPU: Embedded 34 pages/cpu @ffff88003fc00000 s99608 r8192 d31464 u1048576
[    0.000000] PV qspinlock hash table entries: 256 (order: 0, 4096 bytes)
[    0.000000] Built 1 zonelists in Node order, mobility grouping on.  Total pages: 257912
[    0.000000] Policy zone: DMA32
[    0.000000] Kernel command line: BOOT_IMAGE=/boot/vmlinuz-4.4.0-138-generic root=LABEL=cloudimg-rootfs ro console=tty1 console=ttyS0
[   .000000] PID hash table entries: 4096 (order: 3, 32768 bytes)
[    0.000000] Memory: 997712K/1048120K available (8563K kernel code, 1314K rwdata, 4004K rodata, 1528K init, 1316K bss, 50408K reserved, 0K cma-reserved)
[    0.000000] SLUB: HWalign=64, Order=0-3, MinObjects=0, CPUs=2, Nodes=1
[    0.000000] Hierarchical RCU implementation.
[    0.000000] 	Build-time adjustment of leaf fanout to 64.
[    0.000000] 	RCU restricting CPUs from NR_CPUS=512 to nr_cpu_ids=2.
[    0.000000] RCU: Adjusting geometry for rcu_fanout_leaf=64, nr_cpu_ids=2
[    0.000000] NR_IRQS:33024 nr_irqs:440 16
[    0.000000] Console: colour VGA+ 80x25
[    0.000000] console [tty1] enabled
[    0.000000] console [ttyS0] enabled
[    0.000000] tsc: Detected 1996.248 MHz processor
[    0.000000] tsc: Marking TSC unstable due to TSCs unsynchronized
[    0.008000] Calibrating delay loop (skipped) preset value.. 3992.49 BogoMIPS (lpj=7984992)
[    0.008025] pid_max: default: 32768 minimum: 301
[    0.009840] ACPI: Core revision 20150930
[    0.014327] ACPI: 2 ACPI AML tables successfully acquired and loaded
[    0.018183] Security Framework initialized
[    0.020010] Yama: becoming mindful.
[    0.021585] AppArmor: AppArmor initialized
[    0.024226] Dentry cache hash table entries: 131072 (order: 8, 1048576 bytes)
[    0.028369] Inode-cache hash table entries: 65536 (order: 7, 524288 bytes)
[    0.036289] Mount-cache hash table entries: 2048 (order: 2, 16384 bytes)
[    0.040038] Mountpoint-cache hash table entries: 2048 (order: 2, 16384 bytes)
[    0.044393] Initializing cgroup subsys io
[    0.046531] Initializing cgroup subsys memory
[    0.052035] Initializing cgroup subsys devices
[    0.054277] Initializing cgroup subsys freezer
[    0.056030] Initializing cgroup subsys net_cls
[    0.060030] Initializing cgroup subsys perf_event
[    0.064030] Initializing cgroup subsys net_prio
[    0.068061] Initializing cgroup subsys hugetlb
[    0.072036] Initializing cgroup subsys pids
[    0.206910] mce: CPU supports 0 MCE banks
[    0.208053] Last level iTLB entries: 4KB 1024, 2MB 1024, 4MB 512
[    0.212019] Last level dTLB entries: 4KB 1536, 2MB 1536, 4MB 768, 1GB 0
[    0.216020] Spectre V2 : Spectre mitigation: LFENCE not serializing. Switching to generic retpoline
[    0.220018] Spectre V2 : Mitigation: Full generic retpoline
[    0.224017] Spectre V2 : Spectre v2 mitigation: Speculation control IBPB not-supported IBRS not-supported
[    0.228017] Spectre V2 : Spectre v2 / SpectreRSB mitigation: Filling RSB on context switch
[    0.236020] Speculative Store Bypass: Mitigation: Speculative Store Bypass disabled via prctl and seccomp
[    0.247979] Freeing SMP alternatives memory: 32K
[    0.270443] ftrace: allocating 32278 entries in 127 pages
[    0.320225] smpboot: APIC(0) Converting physical 0 to logical package 0
[    0.324030] smpboot: Max logical packages: 1
[    0.328695] x2apic enabled
[    0.330595] Switched APIC routing to physical x2apic.
[    0.338189] ..TIMER: vector=0x30 apic1=0 pin1=2 apic2=-1 pin2=-1
[    0.344000] smpboot: CPU0: AMD Ryzen 5 2500U with Radeon Vega Mobile Gfx (family: 0x17, model: 0x11, stepping: 0x0)
[    0.353101] Performance Events: Broken PMU hardware detected, using software events only.
[    0.360016] Failed to access perfctr msr (MSR c0010007 is 0)
[    0.364109] KVM setup paravirtual spinlock
[    0.373808] x86: Booting SMP configuration:
[    0.375844] .... node  #0, CPUs:      #1
[    0.008000] kvm-clock: cpu 1, msr 0:3ffe3041, secondary cpu clock
[    0.008000] mce: CPU supports 0 MCE banks
[    0.529929] x86: Booted up 1 node, 2 CPUs
[    0.532011] smpboot: Total of 2 processors activated (7984.99 BogoMIPS)
[    0.536662] devtmpfs: initialized
[    0.544360] evm: security.selinux
[    0.552008] evm: security.SMACK64
[    0.556011] evm: security.SMACK64EXEC
[    0.560020] evm: security.SMACK64TRANSMUTE
[    0.561907] evm: security.SMACK64MMAP
[    0.564004] evm: security.ima
[    0.565397] evm: security.capability
[    0.567377] clocksource: jiffies: mask: 0xffffffff max_cycles: 0xffffffff, max_idle_ns: 7645041785100000 ns
[    0.568077] futex hash table entries: 512 (order: 3, 32768 bytes)
[    0.570168] pinctrl core: initialized pinctrl subsystem
[    0.572310] RTC time: 21:46:21, date: 11/12/18
[    0.581823] NET: Registered protocol family 16
[    0.596029] cpuidle: using governor ladder
[    0.604024] cpuidle: using governor menu
[    0.616036] PCCT header not found.
[    0.624621] ACPI: bus type PCI registered
[    0.627837] acpiphp: ACPI Hot Plug PCI Controller Driver version: 0.5
[    0.632382] PCI: Using configuration type 1 for base access
[    0.640013] PCI: Using configuration type 1 for extended access
[    0.660189] ACPI: Added _OSI(Module Device)
[    0.664029] ACPI: Added _OSI(Processor Device)
[    0.668022] ACPI: Added _OSI(3.0 _SCP Extensions)
[    0.672018] ACPI: Added _OSI(Processor Aggregator Device)
[    0.674325] ACPI: Executed 1 blocks of module-level executable AML code
[    0.701893] ACPI: Interpreter enabled
[    0.704092] ACPI: (supports S0 S5)
[    0.708021] ACPI: Using IOAPIC for interrupt routing
[    0.712436] PCI: Using host bridge windows from ACPI; if necessary, use "pci=nocrs" and report a bug
[    0.748716] ACPI: PCI Root Bridge [PCI0] (domain 0000 [bus 00-ff])
[    0.752000] acpi PNP0A03:00: _OSC: OS supports [ExtendedConfig ASPM ClockPM Segments MSI]
[    0.756120] acpi PNP0A03:00: _OSC: OS now controls [PCIeHotplug PME AER PCIeCapability]
[    0.768355] PCI host bridge to bus 0000:00
[    0.776026] pci_bus 0000:00: root bus resource [io  0x0000-0x0cf7 window]
[    0.780012] pci_bus 0000:00: root bus resource [io  0x0d00-0xffff window]
[    0.792042] pci_bus 0000:00: root bus resource [mem 0x000a0000-0x000bffff window]
[    0.796023] pci_bus 0000:00: root bus resource [mem 0x40000000-0xfdffffff window]
[    0.808022] pci_bus 0000:00: root bus resource [bus 00-ff]
[    0.817317] pci 0000:00:01.1: legacy IDE quirk: reg 0x10: [io  0x01f0-0x01f7]
[    0.824027] pci 0000:00:01.1: legacy IDE quirk: reg 0x14: [io  0x03f6]
[    0.840018] pci 0000:00:01.1: legacy IDE quirk: reg 0x18: [io  0x0170-0x0177]
[    0.852028] pci 0000:00:01.1: legacy IDE quirk: reg 0x1c: [io  0x0376]
[    0.893785] pci 0000:00:07.0: quirk: [io  0x4000-0x403f] claimed by PIIX4 ACPI
[    0.896106] pci 0000:00:07.0: quirk: [io  0x4100-0x410f] claimed by PIIX4 SMB
[    0.933882] ACPI: PCI Interrupt Link [LNKA] (IRQs 5 9 10 *11)
[    0.949136] ACPI: PCI Interrupt Link [LNKB] (IRQs 5 9 *10 11)
[    0.976543] ACPI: PCI Interrupt Link [LNKC] (IRQs 5 *9 10 11)
[    0.992552] ACPI: PCI Interrupt Link [LNKD] (IRQs 5 9 10 *11)
[    1.003082] ACPI: Enabled 2 GPEs in block 00 to 07
[    1.020064] vgaarb: setting as boot device: PCI:0000:00:02.0
[    1.024000] vgaarb: device added: PCI:0000:00:02.0,decodes=io+mem,owns=io+mem,locks=none
[    1.048017] vgaarb: loaded
[    1.048017] vgaarb: bridge control possible 0000:00:02.0
[    1.056474] SCSI subsystem initialized
[    1.060123] ACPI: bus type USB registered
[    1.063835] usbcore: registered new interface driver usbfs
[    1.064057] usbcore: registered new interface driver hub
[    1.068096] usbcore: registered new device driver usb
[    1.072351] PCI: Using ACPI for IRQ routing
[    1.076630] NetLabel: Initializing
[    1.080006] NetLabel:  domain hash size = 128
[    1.084007] NetLabel:  protocols = UNLABELED CIPSOv4
[    1.088036] NetLabel:  unlabeled traffic allowed by default
[    1.096091] amd_nb: Cannot enumerate AMD northbridges
[    1.100212] clocksource: Switched to clocksource kvm-clock
[    1.123814] AppArmor: AppArmor Filesystem Enabled
[    1.125976] pnp: PnP ACPI init
[    1.127570] pnp: PnP ACPI: found 3 devices
[    1.142269] clocksourc: aci_: sk:0xffffff max_cycles: 0xffffff, max_idle_ns: 2085701024 ns
[  1.371026] NET: Registered protocol family 2

[    1.419511] TCP established hash table entries: 8192 (order: 4, 65536 bytes)
[    1.422270] TCP bind hash table entries: 8192 (order: 5, 131072 bytes)
[    1.423282] TCP: Hash tables configured (established 8192 bind 8192)
[    1.423282] UDP hash table entries: 512 (order: 2, 16384 bytes)
[    1.423282] UDP-Lite hash table entries: 512 (order: 2, 16384 bytes)
[    1.423282] NET: Registered protocol family 1
[    1.42328] pci 0000:00:00.0: Limiting direct PCI/PCI transfers
[   4228 pci 0000:00:01.0: Activating ISA DMA hang workrounds
[    1.718096] Unpacking initramfs...

[    2.061738] Freeing initrd memory: 14792K
[    2.066951] clocksource: tsc: mask: 0xffffffffffffffff max_cycles: 0x398cac3bdaf, max_idle_ns: 881590646346 ns
[    2.072260] platform rtc_cmos: registered platform RTC device (no PNP device found)
[    2.072363] Scanning for low memory corruption every 60 seconds
[    2.073195] audit: initializing netlink subsys (disabled)
[    2.073232] audit: type=2000 audit(1542059186.993:1): initialized
[    2.073823] Initialise system trusted keyring
[    2.074254] HugeTLB registered 2 MB page size, pre-allocated 0 pages
[    2.078006] zbud: loaded
[    2.078879] VFS: Disk quotas dquot_6.6.0
[    2.078933] VFS: Dquot-cache hash table entries: 512 (order 0, 4096 bytes)
[    2.079433] squashfs: version 4.0 (2009/01/31) Phillip Lougher
[    2.079885] fuse init (API version 7.23)
[    2.080176] Key type big_key registered
[    2.080208] Allocating IMA MOK and blacklist keyrings.
[    2.083584] Key type asymmetric registered
[    2.083604] Asymmetric key parser 'x509' registered
[    2.083717] Block layer SCSI generic (bsg) driver version 0.4 loaded (major 249)
[    2.083784] io scheduler noop registered
[    2.083788] io scheduler deadline registered (default)
[    2.083847] io scheduler cfq registered
[    2.084040] pci_hotplug: PCI Hot Plug PCI Core version: 0.5
[    2.084040] pciehp: PCI Express Hot Plug Controller Driver version: 0.4
[    2.084407] ACPI: AC Adapter [AC] (off-line)
[    2.084507] input: Power Button as /devices/LNXSYSTM:00/LNXPWRBN:00/input/input0
[    2.084513] ACPI: Power Button [PWRF]
[    2.084647] input: Sleep Button as /devices/LNXSYSTM:00/LNXSLPBN:00/input/input1
[    2.084650] ACPI: Sleep Button [SLPF]
[    2.084967] GHES: HEST is not enabled!
[    2.085137] Serial: 8250/16550 driver, 32 ports, IRQ sharing enabled
[    2.110983] 00:02: ttyS0 at I/O 0x3f8 (irq = 4, base_baud = 115200) is a 16550A
[    2.114635] Linux agpgart interface v0.103
[    2.119942] loop: module loaded
[    2.120935] scsi host0: ata_piix
[    2.121066] scsi host1: ata_piix
[    2.121114] ata1: PATA max UDMA/33 cmd 0x1f0 ctl 0x3f6 bmdma 0xd000 irq 14
[    2.121116] ata2: PATA max UDMA/33 cmd 0x170 ctl 0x376 bmdma 0xd008 irq 15
[    2.121271] libphy: Fixed MDIO Bus: probed
[    2.121275] tun: Universal TUN/TAP device driver, 1.6
[    2.121276] tun: (C) 1999-2004 Max Krasnyansky <maxk@qualcomm.com>
[    2.121344] PPP generic driver version 2.4.2
[    2.121424] ehci_hcd: USB 2.0 'Enhanced' Host Controller (EHCI) Driver
[    2.121431] ehci-pci: EHCI PCI platform driver
[    2.121445] ehci-platform: EHCI generic platform driver
[    2.121457] ohci_hcd: USB 1.1 'Open' Host Controller (OHCI) Driver
[    2.121462] ohci-pci: OHCI PCI platform driver
[    2.121476] ohci-platform: OHCI generic platform driver
[    2.121488] uhci_hcd: USB Universal Host Controller Interface driver
[    2.121570] i8042: PNP: PS/2 Controller [PNP0303:PS2K,PNP0f03:PS2M] at 0x60,0x64 irq 1,12
[    2.122319] serio: i8042 KBD port at 0x60,0x64 irq 1
[    2.122326] serio: i8042 AUX port at 0x60,0x64 irq 12
[    2.122490] mousedev: PS/2 mouse device common for all mice
[    2.123009] input: AT Translated Set 2 keyboard as /devices/platform/i8042/serio0/input/input2
[    2.123552] rtc_cmos rtc_cmos: rtc core: registered rtc_cmos as rtc0
[    2.123654] rtc_cmos rtc_cmos: alarms up to one day, 114 bytes nvram
[    2.123666] i2c /dev entries driver
[    2.123746] device-mapper: uevent: version 1.0.3
[    2.123834] device-mapper: ioctl: 4.34.0-ioctl (2015-10-28) initialised: dm-devel@redhat.com
[    2.123870] ledtrig-cpu: registered to indicate activity on CPUs
[    2.124477] NET: Registered protocol family 10
[    2.124929] NET: Registered protocol family 17
[    2.125043] Key type dns_resolver registered
[    2.125512] registered taskstats version 1
[    2.125535] Loading compiled-in X.509 certificates
[    2.126606] Loaded X.509 cert 'Build time autogenerated kernel key: 9a104bc44b81e9426fe5c715e47d021d02d69eba'
[    2.126639] zswap: loaded using pool lzo/zbud
[    2.128103] ACPI: Battery Slot [BAT0] (battery present)
[    2.132508] Key type trusted registered
[    2.137744] Key type encrypted registered
[    2.137757] AppArmor: AppArmor sha1 policy hashing enabled
[    2.137762] ima: No TPM chip found, activating TPM-bypass!
[    2.137863] ima: Allocated hash algorithm: sha1
[    2.137900] evm: HMAC attrs: 0x1
[    2.138720]   Magic number: 10:397:803
[    2.139706] rtc_cmos rtc_cmos: setting system clock to 2018-11-12 21:46:23 UTC (1542059183)
[    2.139977] BIOS EDD facility v0.16 2004-Jun-25, 0 devices found
[    2.139978] EDD information not available.
[    2.510234] Freeing unused kernel memory: 1528K
[    2.536206] Write protecting the kernel read-only data: 14336k
[    2.545933] Freeing unused kernel memory: 1664K
[    2.549916] Freeing unused kernel memory: 92K
Loading, please wait...
starting version[    2.584344] random: systemd-udevd: uninitialized urandom read (16 bytes read, 5 bits of entropy available)
 229
[    2.585066] random: udevadm: uninitialized urandom read (16 bytes read, 5 bits of entropy available)
[    2.585203] random: udevadm: uninitialized urandom read (16 bytes read, 5 bits of entropy available)
[    2.599498] random: udevadm: uninitialized urandom read (16 bytes read, 5 bits of entropy available)
[    2.599654] random: udevadm: uninitialized urandom read (16 bytes read, 5 bits of entropy available)
[    2.600005] random: udevadm: uninitialized urandom read (16 bytes read, 5 bits of entropy available)
[    2.600167] random: udevadm: uninitialized urandom read (16 bytes read, 5 bits of entropy available)
[    2.600329] random: udevadm: uninitialized urandom read (16 bytes read, 5 bits of entropy available)
[    2.600489] random: udevadm: uninitialized urandom read (16 bytes read, 5 bits of entropy available)
[    2.600645] random: udevadm: uninitialized urandom read (16 bytes read, 5 bits of entropy available)
[    2.813660] e1000: Intel(R) PRO/1000 Network Driver - version 7.3.21-k8-NAPI
[    2.818685] e1000: Copyright (c) 1999-2006 Intel Corporation.
[    2.830707] Fusion MPT base driver 3.04.20
[    2.845088] Copyright (c) 1999-2008 LSI Corporation
[    2.866955] Fusion MPT SPI Host driver 3.04.20
[    2.890265] AVX2 version of gcm_enc/dec engaged.
[    2.891640] AES CTR mode by8 optimization enabled
[    3.071493] input: ImExPS/2 Generic Explorer Mouse as /devices/platform/i8042/serio1/input/input4
[    3.283429] e1000 0000:00:03.0 eth0: (PCI:33MHz:32-bit) 02:33:70:c2:c2:dc
[    3.286055] e1000 0000:00:03.0 eth0: Intel(R) PRO/1000 Network Connection
[    3.292204] mptbase: ioc0: Initiating bringup
[    4.020479] ioc0: LSI53C1030 A0: Capabilities={Initiator}
[    4.192222] scsi host2: ioc0: LSI53C1030 A0, FwRev=00000000h, Ports=1, MaxQ=256, IRQ=20
[    5.078432] scsi 2:0:0:0: Direct-Access     VBOX     HARDDISK         1.0  PQ: 0 ANSI: 5
[    5.084841] scsi target2:0:0: Beginning Domain Validation
[    5.090101] scsi target2:0:0: Domain Validation skipping write tests
[    5.092086] scsi target2:0:0: Ending Domain Validation
[    5.094259] scsi target2:0:0: asynchronous
[    5.097820] scsi 2:0:1:0: Direct-Access     VBOX     HARDDISK         1.0  PQ: 0 ANSI: 5
[    5.117805] scsi target2:0:1: Beginning Domain Validation
[    5.121843] scsi target2:0:1: Domain Validation skipping write tests
[    5.125098] scsi target2:0:1: Ending Domain Validation
[    5.127933] scsi target2:0:1: asynchronous
[    5.149512] sd 2:0:0:0: Attached scsi generic sg0 type 0
[    5.153623] sd 2:0:0:0: [sda] 20971520 512-byte logical blocks: (10.7 GB/10.0 GiB)
[    5.162011] sd 2:0:1:0: [sdb] 20480 512-byte logical blocks: (10.5 MB/10.0 MiB)
[    5.164544] sd 2:0:1:0: Attached scsi generic sg1 type 0
[    5.166185] sd 2:0:1:0: [sdb] Write Protect is off
[    5.168565] sd 2:0:1:0: [sdb] Incomplete mode parameter data
[    5.170212] sd 2:0:1:0: [sdb] Assuming drive cache: write through
[    5.173443] sd 2:0:0:0: [sda] Write Protect is off
[    5.175486] sd 2:0:0:0: [sda] Incomplete mode parameter data
[    5.177634] sd 2:0:0:0: [sda] Assuming drive cache: write through
[    5.187184]  sda: sda1
[    5.192267] sd 2:0:1:0: [sdb] Attached SCSI disk
[    5.194830] sd 2:0:0:0: [sda] Attached SCSI disk
[    5.477929] e1000 0000:00:08.0 eth1: (PCI:33MHz:32-bit) 08:00:27:0c:5e:d8
[    5.480016] e1000 0000:00:08.0 eth1: Intel(R) PRO/1000 Network Connection
[    5.484276] e1000 0000:00:08.0 enp0s8: renamed from eth1
[    5.498881] e1000 0000:00:03.0 enp0s3: renamed from eth0
Begin: Loading essential drivers ... [    7.132446] md: linear personality registered for level -1
[    7.140222] md: multipath personality registered for level -4
[    7.147706] md: raid0 personality registered for level 0
[    7.163399] md: raid1 personality registered for level 1
[    7.240346] raid6: sse2x1   gen()  3866 MB/s
[    7.316633] raid6: sse2x1   xor()  4886 MB/s
[    7.384319] raid6: sse2x2   gen()  6533 MB/s
[    7.464018] raid6: sse2x2   xor()  5628 MB/s
[    7.533187] raid6: sse2x4   gen()  6683 MB/s
[    7.608661] raid6: sse2x4   xor()  5813 MB/s
[    7.708495] raid6: avx2x1   gen() 16654 MB/s
[    7.788015] raid6: avx2x2   gen() 16029 MB/s
[    7.876163] raid6: avx2x4   gen() 20158 MB/s
[    7.881797] raid6: using algorithm avx2x4 gen() 20158 MB/s
[    7.884183] raid6: using avx2x2 recovery algorithm
[    7.887465] xor: automatically using best checksumming function:
[    7.928026]    avx       : 11178.000 MB/sec
[    7.938964] async_tx: api initialized (async)
[    7.950040] md: raid6 personality registered for level 6
[    7.960779] md: raid5 personality registered for level 5
[    7.962274] md: raid4 personality registered for level 4
[    7.972837] md: raid10 personality registered for level 10
done.
Begin: Running /scripts/init-premount ... done.
Begin: Mounting root file system ... Begin: Running /scripts/local-top ... done.
Begin: Running /scripts/local-premount ... [    8.015076] Btrfs loaded
Scanning for Btrfs filesystems
done.
Warning: fsck not present, so skipping root file system
[    8.080276] EXT4-fs (sda1): mounted filesystem with ordered data mode. Opts: (null)
done.
Begin: Running /scripts/local-bottom ... done.
Begin: Running /scripts/init-bottom ... done.
[    8.243299] systemd[1]: systemd 229 running in system mode. (+PAM +AUDIT +SELINUX +IMA +APPARMOR +SMACK +SYSVINIT +UTMP +LIBCRYPTSETUP +GCRYPT +GNUTLS +ACL +XZ -LZ4 +SECCOMP +BLKID +ELFUTILS +KMOD -IDN)
[    8.275964] systemd[1]: Detected virtualization oracle.
[    8.292069] systemd[1]: Detected architecture x86-64.

Welcome to [1mUbuntu 16.04.5 LTS[0m!

[  8.337] stemd[1]: Set hostname to <ubuntu>.
[    8.540569] systemd[1]: Initializing machine ID from random generator.
[    8.550557] systemd[1]: Installed transient /etc/machine-id file.
[    8.796413] systemd[1]: Reached target System Time Synchronized.
[[0;32m  OK  [0m] Reached target System Time Synchronized.
[    8.803708] systemd[1]: Created slice System Slice.
[[0;32m  OK  [0m] Created slice System Slice.
[    8.837880] systemd[1]: Started Trigger resolvconf update for networkd DNS.
[[0;32m  OK  [0m] Started Trigger resolvconf update for networkd DNS.
[    8.873129] systemd[1]: Listening on Device-mapper event daemon FIFOs.
[[0;32m  OK  [0m] Listening on Device-mapper event daemon FIFOs.
[    8.876018] systd[1]: Listening on Journal Audit Socket.
[[0;32m  OK  [0m] Listening on Journal Audit Socket.
[    8.876018] systemd[1]: Listening on LVM2 metadata daemon socket.
[[0;32m  OK  [0m] Listening on LVM2 metadata daemon socket.
[    9.005281] systemd[1]: Reached target User and Group Name Lookups.
[[0;32m  OK  [0m] Reached target User and Group Name Lookups.
[    9.029327] systemd[1]: Listening on Journal Socket.
[[0;32m  OK  [0m] Listening on Journal Socket.
[    9.068488] systemd[1]: Starting Uncomplicated firewall...
         Starting Uncomplicated firewall...
[    9.086409] systemd[1]: Mounting Huge Pages File System...
         Mounting Huge Pages File System...
[    9.117839] systemd[1]: Mounting POSIX Message Queue File System...
         Mounting POSIX Message Queue File System...
[    9.160864] systemd[1]: Starting Monitoring of LVM2 mirrors, snapshots etc. using dmeventd or progress polling...
         Starting Monitoring of LVM2 mirrors... dmeventd or progress polling...
[    9.192850] systemd[1]: Reached target Swap.
[[0;32m  OK  [0m] Reached target Swap.
[    9.214727] systemd[1]: Created slice User and Session Slice.
[[0;32m  OK  [0m] Created slice User and Session Slice.
[    9.237480] systemd[1]: Started Forward Password Requests to Wall Directory Watch.
[[0;32m  OK  [0m] Started Forward Password Requests to Wall Directory Watch.
[    9.264602] systemd[1]: Starting Remount Root and Kernel File Systems...
         Startin[    9.278211] random: nonblocking pool is initialized
g Remount Root and Kernel File Systems...
[    9.294004] systemd[1]: Listening on /dev/initctl Compatibility Named Pipe.
[    9.298675] EXT4-fs (sda1): re-mounted. Opts: (null)
[[0;32m  OK  [0m] Listening on /dev/initctl Compatibility Named Pipe.
[    9.337364] systemd[1]: Starting Set console keymap...
         Starting Set console keymap...
[    9.351287] systemd[1]: Reached target Encrypted Volumes.
[[0;32m  OK  [0m] Reached target Encrypted Volumes.
[    9.370216] systemd[1]: Starting Create list of required static device nodes for the current kernel...
         Starting Create list of required st... nodes for the current kernel...
[    9.386773] systemd[1]: Listening on udev Control Socket.
[[0;32m  OK  [0m] Listening on udev Control Socket.
[    9.393034] systemd[1]: Created slice system-serial\x2dgetty.slice.
[[0;32m  OK  [0m] Created slice system-serial\x2dgetty.slice.
[    9.427393] systemd[1]: Listening on LVM2 poll daemon socket.
[[0;32m  OK  [0m] Listening on LVM2 poll daemon socket.
[    9.464461] systemd[1]: Starting Nameserver information manager...
         Starting Nameserver information manager...
[    9.480909] systemd[1]: Set up automount Arbitrary Executable File Formats File System Automount Point.
[[0;32m  OK  [0m] Set up automount Arbitrary Executab...ats File System Automount Point.
[    9.541053] systemd[1]: Starting Load Kernel Modules...
         Startin[    9.555221] Loading iSCSI transport class v2.0-870.
g Load Kernel Modules...
[    9.599496] iscsi: registered transport (tcp)
[    9.612528] systemd[1]: Listening on Syslog Socket.
[[0;32m  OK  [0m] Listening on Syslog Socket.
[    9.623815] systemd[1]: Reached target Slices.
[[0;32m  OK  [0m] Reached target Slices.
[    9.629118] systemd[1]: Listening on Journal Socket (/dev/log).
[[0;32m  OK  [0m] Listening on Journal Socket (/dev/log).
[    9.655828] iscsi: registered transport (iser)
[    9.673372] systemd[1]: Starting Journal Service...
         Starting Journal Service...
[    9.700876] systemd[1]: Listening on udev Kernel Socket.
[[0;32m  OK  [0m] Listening on udev Kernel Socket.
[    9.710915] systemd[1]: Mounting Debug File System...
         Mounting Debug File System...
[    9.762729] systemd[1]: Mounted POSIX Message Queue File System.
[[0;32m  OK  [0m] Mounted POSIX Message Queue File System.
[    9.785090] systemd[1]: Mounted Huge Pages File System.
[[0;32m  OK  [0m] Mounted Huge Pages File System.
[    9.799818] systemd[1]: Mounted Debug File System.
[[0;32m  OK  [0m] Mounted Debug File System.
[    9.809638] systemd[1]: Started Journal Service.
[[0;32m  OK  [0m] Started Journal Service.
[[0;32m  OK  [0m] Started Uncomplicated firewall.
[[0;32m  OK  [0m] Started Remount Root and Kernel File Systems.
[[0;32m  OK  [0m] Started Set console keymap.
[[0;32m  OK  [0m] Started Create list of required sta...ce nodes for the current kernel.
[[0;32m  OK  [0m] Started Load Kernel Modules.
[[0;32m  OK  [0m] Started Nameserver information manager.
[[0;32m  OK  [0m] Started LVM2 metadata daemon.
         Starting Apply Kernel Variables...
         Mounting FUSE Control File System...
         Starting Create Static Device Nodes in /dev...
         Starting Load/Save Random Seed...
         Starting udev Coldplug all Devices...
         Starting Flush Journal to Persistent Storage...
[[0;32m  OK  [0m] Mounted FUSE Control File System.
[[0;32m  OK  [0m] Started Apply Kernel Variables.
[[0;32m  OK  [0m] Started Create Static Device Nodes in /dev.
[[0;32m  OK  [0m] Started Load/Save Random Seed.
[[0;32m  OK  [0m] Started udev Coldplug all Devices.
         Starting udev Kernel Device Manager...
[[0;32m  OK  [0m] Started Monitoring of LVM2 mirrors,...ng dmeventd or progress polling.
[[0;32m  OK  [0m] Started Flush Journal to Persistent Storage.
[[0;32m  OK  [0m] Reached target Local File Systems (Pre).
[[0;32m  OK  [0m] Reached target Local File Systems.
         Starting Tell Plymouth To Write Out Runtime Data...
         Starting Create Volatile Files and Directories...
         Starting Initial cloud-init job (pre-networking)...
         Starting LSB: AppArmor initialization...
         Starting Set console font and keymap...
         Starting Commit a transient machine-id on disk...
[[0;32m  OK  [0m] Started udev Kernel Device Manager.
[[0;32m  OK  [0m] Started Tell Plymouth To Write Out Runtime Data.
[[0;32m  OK  [0m] Started Create Volatile Files and Directories.
[[0;32m  OK  [0m] Started Commit a transient machine-id on disk.
         Starting Update UTMP about System Boot/Shutdown...
[[0;32m  OK  [0m] Started Dispatch Password Requests to Console Directory Watch.
[[0;32m  OK  [0m] Started Update UTMP about System Boot/Shutdown.
[[0;32m  OK  [0m] Found device /dev/ttyS0.
[[0;32m  OK  [0m] Listening on Load/Save RF Kill Switch Status /dev/rfkill Watch.
[[0;32m  OK  [0m] Started Set console font and keymap.
[[0;32m  OK  [0m] Created slice system-getty.slice.
[[0;32m  OK  [0m] Started LSB: AppArmor initialization.
[   12.314658] cloud-init[486]: Cloud-init v. 18.4-0ubuntu1~16.04.2 running 'init-local' at Mon, 12 Nov 2018 21:46:33 +0000. Up 11.80 seconds.
[[0;32m  OK  [0m] Started Initial cloud-init job (pre-networking).
[[0;32m  OK  [0m] Reached target Network (Pre).
         Starting Raise network interfaces...
[[0;32m  OK  [0m] Started Raise network interfaces.
         Starting Initial cloud-init job (metadata service crawler)...
[[0;32m  OK  [0m] Reached target Network.
[   14.546382] cloud-init[948]: Cloud-init v. 18.4-0ubuntu1~16.04.2 running 'init' at Mon, 12 Nov 2018 21:46:34 +0000. Up 13.43 seconds.
[   14.560479] cloud-init[948]: ci-info: ++++++++++++++++++++++++++++++++++++++Net device info+++++++++++++++++++++++++++++++++++++++
[   14.593399] cloud-init[948]: ci-info: +--------+-------+----------------------------+---------------+--------+-------------------+
[   14.617143] cloud-init[948]: ci-info: | Device |   Up  |          Address           |      Mask     | Scope  |     Hw-Address    |
[   14.650407] [[0;32m  OK  [0m] Started Initial cloud-init job (metadata service crawler).
cloud-init[948]: ci-info: +--------+-------+----------------------------+---------------+--------+-------------------+
[   14.676917] [cloud-init[0;32m  OK  [0m[948]: ] ci-info: | enp0s3 |  True |         10.0.2.15          | 255.255.255.0 | global | 02:33:70:c2:c2:dc |Reached target Cloud-config availability.

[   14.821473] [cloud-init[0;32m  OK  [0m[948]: ] ci-info: | enp0s3 |  True | fe80::33:70ff:fec2:c2dc/64 |       .       |  link  | 02:33:70:c2:c2:dc |Reached target System Initialization.

[   14.877166] cloud-init[948]: ci-info: | enp0s8 | False |             .              |       .       |   .    | 08:00:27:0c:5e:d8 |
         Starting LXD - unix socket.
[   14.877744] cloud-init[948]: ci-info: |   lo   |  True |         127.0.0.1          |   255.0.0.0   |  host  |         .         |
[   14.925267] cloud-init[948]: ci-info: |   lo   |  True |          ::1/128           |       .       |  host  |         .         |
[   14.925822] cloud-init[948]: [ci-info: +--------+-------+----------------------------+---------------+--------+-------------------+[0;32m  OK  [0m
] Listening on UUID daemon activation socket.
[[   14.926343] cloud-init[948]: ci-info: +++++++++++++++++++++++++++Route IPv4 info++++++++++++++++++++++++++++
[   15.400112] cloud-init[948]: ci-info: +-------+-------------+----------+---------------+-----------+-------+
[0;32m  OK  [0m] Listening on ACPID Listen Socket.
[   15.400491] cloud-init[948]: ci-info: | Route | Destination | Gateway  |    Genmask    | Interface | Flags |
[   15.435624] cloud-init[948]: ci-info: +-------+-------------+----------+---------------+-----------+-------+
[   15.456659] cloud-init[948]: ci-info: |   0   |   0.0.0.0   | 10.0.2.2 |    0.0.0.0    |   enp0s3  |   UG  |
[   15.457525] cloud-init[948]: ci-info: |   1   |   10.0.2.0  | 0.0.0.0  | 255.255.255.0 |   enp0s3  |   U   |
[   15.462373] cloud-init[948]: ci-info: +-------+-------------+----------+---------------+-----------+-------+
[[0;32m  OK  [0m] Started ACPI Events Check.
[   15.462531] cloud-init[948]: ci-info: +++++++++++++++++++Route IPv6 info+++++++++++++++++++
[   15.503463] cloud-init[948]: ci-info: +-------+-------------+---------+-----------+-------+
[[0;32m  OK  [0m] Reached target Paths.
[[   15.503678] cloud-init[948]: ci-info: | Route | Destination | Gateway | Interface | Flags |
[   15.621845] cloud-init[948]: ci-info: +-------+-------------+---------+-----------+-------+
[0;32m  OK  [0m] Started Daily Cleanup of Temporary Directories.
         [   15.624071] Starting Socket activation for snappy daemon.cloud-init
[948]: ci-info: |   0   |  fe80::/64  |    ::   |   enp0s3  |   U   |
[   15.673462] cloud-init[948]: ci-info: |   3   |   ff00::/8  |    ::   |   enp0s3  |   U   |
[[0;32m  OK  [0m] Started Daily apt download activities.
[   15.673928] cloud-init[948]: ci-info: +-------+-------------+---------+-----------+-------+
[   15.714012] cloud-init[948]: Generating public/private rsa key pair.
[   15.714502] cloud-init[948]: Your identification has been saved in /etc/ssh/ssh_host_rsa_key.
[[0;32m  OK  [0m] Started Daily apt upgrade and clean activities.
[[   15.715071] cloud-init[948]: Your public key has been saved in /etc/ssh/ssh_host_rsa_key.pub.
[   15.729665] cloud-init[948]: The key fingerprint is:
[0;32m  OK  [0m] Reached target Timers.
[   15.730101] cloud-init[948]: SHA256:lwfkRuDZIcMjLj2NKv+5K+WtyLJZa1ZLLSJ529hWmZA root@ubuntu-xenial
[   15.773299] cloud-init[948]: The key's randomart image is:
[   15.773903] [cloud-init[0;32m  OK  [0m[948]: ] +---[RSA 2048]----+Listening on D-Bus System Message Bus Socket.

[[   15.775091] cloud-init[948]: |       .+.+      |
[   15.806784] cloud-init[948]: |      ..oO .     |
[0;32m  OK  [0m] Reached target Network is Online.
[   15.807325] cloud-init[948]: |     o =o.=      |
[   15.848777] cloud-init[948]: |    . E .. o     |
[   15.849497] cloud-init[948]: |   . o +Soo .    |
         Starting iSCSI initiator daemon (iscsid)...
[   15.850009] [[0;32m  OK  [0m] Listening on LXD - unix socket.
[[0;32m  OK  [0m] Listening on Socket activation for snappy daemon.
cloud-init[948]: |  + + = =. .     |
[   15.891428] cloud-init[948]: |   =.@ =         |
[   15.912598] cloud-init[948]: |  .+Bo*..        |
[   15.914248] cloud-init[948]: |  o=++*+         |
[   15.914392] cloud-init[948]: +----[SHA256]-----+
[   15.914469] cloud-init[948]: Generating public/private dsa key pair.
[   15.914534] cloud-init[948]: Your identification has been saved in /etc/ssh/ssh_host_dsa_key.
[   15.914598] cloud-init[948]: Your public key has been saved in /etc/ssh/ssh_host_dsa_key.pub.
[   15.914660] cloud-init[948]: The key fingerprint is:
[   15.914748] cloud-init[948]: SHA256:Ibv3ej9HwJPPIKwWT+omBZaTwB87rGQkKYXBFMtQIJ8 root@ubuntu-xenial
[   15.914894] cloud-init[948]: The key's randomart image is:
[   15.914983] cloud-init[948]: +---[DSA 1024]----+
[   15.915047] cloud-init[948]: |BO+o             |
[[0;32m  OK  [0m] Started iSCSI initiator daemon (iscsid).
[   15.922191] cloud-init[948]: |*o+.+ .          |
[   15.985316] cloud-init[948]: | +Eo +.=.. . .   |
[   15.985950] cloud-init[948]: |    o @o..+ *    |
         Starting Login to default iSCSI targets...
[[0;32m  OK  [0m] Reached target Sockets.
[   15.986587] cloud-init[948]: |   o o.+S* . *   |
[[0;32m  OK  [0m] Reached target Basic System.
[   16.008190] cloud-init[948]: |    .  .= .   +  |
[   16.034373] cloud-init[948]: |      .+.    .   |
[   16.038824] cloud-init[948]: |      ..o.. . .  |
[   16.043681] cloud-init[948]: |       o.o...o   |
[[0;32m  OK  [0m] Started FUSE filesystem for LXC.[   16.044371] 
cloud-init[948]: +----[SHA256]-----+
[   16.057645] cloud-init[948]: Generating public/private ecdsa key pair.
[[   16.058190] [0;32m  OK  [0mcloud-init] [948]: Started ACPI event daemon.Your identification has been saved in /etc/ssh/ssh_host_ecdsa_key.

[   16.058970] cloud-init[948]: Your public key has been saved in /etc/ssh/ssh_host_ecdsa_key.pub.
[   16.099332] cloud-init[948]: The key fingerprint is:
         Starting Login Service...
[   16.099861] cloud-init[948]: SHA256:sD6WOxxTnZZoWZxRZ95sjS31u8SPd3RwgzuB5914EUk root@ubuntu-xenial
[   16.117682] cloud-init[948]: The key's randomart image is:
         Starting /etc/rc.local Compatibility...
[   16.118195] cloud-init[948]: +---[ECDSA 256]---+
[   16.126530] cloud-init[948]: |         ..+. +Eo|
[   16.144545] cloud-init[948]: |          + .+.B+|
[   16.145155]          cloud-initStarting Pollinate to seed the pseudo random number generator...[948]: 
|      .  = + +=oO|
[   16.146610] cloud-init[948]: |       o= = o =*=|
[   16.177978] cloud-init[948]: |      .oS.   +.==|
[   16.215634] cloud-init[948]: |     .o.      o++|
         Starting System Logging Service...
[   16.216975] cloud-init[948]: |     .=o      ..+|
[   16.238435] cloud-init[948]: |     .oo       ..|
[   16.242673] cloud-init[948]: |      ..         |
[   16.245646] cloud-init[948]: +----[SHA256]-----+
[   16.261182]          cloud-initStarting LSB: MD monitoring daemon...[948]: 
Generating public/private ed25519 key pair.
[   16.278629]          cloud-initStarting Accounts Service...[948]: 
Your identification has been saved in /etc/ssh/ssh_host_ed25519_key.
[[0;32m  OK  [0m] Started D-Bus System Message Bus.
[   16.287990] cloud-init[948]: Your public key has been saved in /etc/ssh/ssh_host_ed25519_key.pub.
[   16.315146] cloud-init[948]: The key fingerprint is:
[   16.325178] cloud-init[948]: SHA256:Xrj43uSTrW18ovwt8tSLNaYSRX+n/rlKjfP6Ts/FXgg root@ubuntu-xenial
[   16.337146] cloud-init[948]: The key's randomart image is:
[   16.348811] cloud-init[948]: +--[ED25519 256]--+
[   16.351669] cloud-init[948]: |                 |
[   16.360271] cloud-init[948]: |            .    |
[[0;32m  OK  [0m[   16.377489] ] cloud-initStarted Deferred execution scheduler.[948]: 
|           . .   |
[[0;32m  OK  [0m] Started Unattended Upgrades Shutdown.
[   16.377701] cloud-init[948]: |         .  . . o|
[   16.437702]          cloud-initStarting LSB: Record successful boot for GRUB...[948]: 
|        S ..E  o.|
[   16.468813]          cloud-initStarting Virtualbox guest utils...[948]: 
|       o o.  o+o |
[   16.470273] cloud-init[948]: |      . o .=.=*o+|
[   16.517024] cloud-init[948]: |       . ==oB**==|
[   16.528710] cloud-init[948]: |       .o *X**BB*|
[   16.529255]          cloud-init[948]: Starting Snappy daemon...+----[SHA256]-----+

[[0;32m  OK  [0m] Started Regular background program processing daemon.
         Starting LXD - container startup/shutdown...
[[0;32m  OK  [0m] Started System Logging Service.
[[0;32m  OK  [0m] Started /etc/rc.local Compatibility.
[[0;32m  OK  [0m] Started Login to default iSCSI targets.
[[0;32m  OK  [0m] Started LSB: MD monitoring daemon.
[[0;32m  OK  [0m] Started LSB: Record successful boot for GRUB.
[[0;32m  OK  [0m] Started Login Service.
[[0;32m  OK  [0m] Started LXD - container startup/shutdown.
         Starting Authenticate and Authorize Users to Run Privileged Tasks...
[[0;32m  OK  [0m] Reached target Remote File Systems (Pre).
[[0;32m  OK  [0m] Reached target Remote File Systems.
         Starting LSB: automatic crash report generation...
         Starting LSB: daemon to balance interrupts for SMP systems...
         Starting LSB: Set the CPU Frequency Scaling governor to "ondemand"...
         Starting Permit User Sessions...
[[0;32m  OK  [0m] Started Snappy daemon.
[[0;32m  OK  [0m] Started Virtualbox guest utils.
[[0;32m  OK  [0m] Started Permit User Sessions.
[[0;32m  OK  [0m] Started Authenticate and Authorize Users to Run Privileged Tasks.
[[0;32m  OK  [0m] Started Accounts Service.
         Starting Hold until boot process finishes up...
         Starting Terminate Plymouth Boot Screen...
         Starting Wait until snapd is fully seeded...
[[0;32m  OK  [0m] Started LSB: automatic crash report generation.
[[0;32m  OK  [0m] Started LSB: daemon to balance interrupts for SMP systems.
[[0;32m  OK  [0m] Started LSB: Set the CPU Frequency Scaling governor to "ondemand".
[[0;32m  OK  [0m] Started Hold until boot process finishes up.
[[0;32m  OK  [0m] Started Terminate Plymouth Boot Screen.
[[0;32m  OK  [0m] Started Getty on tty1.
[[0;32m  OK  [0m] Started Serial Getty on ttyS0.
[[0;32m  OK  [0m] Reached target Login Prompts.
         Starting Set console scheme...
[[0;32m  OK  [0m] Started Set console scheme.
[[0;32m  OK  [0m] Started Pollinate to seed the pseudo random number generator.
         Starting OpenBSD Secure Shell server...
[[0;32m  OK  [0m] Started OpenBSD Secure Shell server.
[[0;32m  OK  [0m] Created slice User Slice of vagrant.
         Starting User Manager for UID 1000...
[[0;32m  OK  [0m] Started Session 1 of user vagrant.
[[0;32m  OK  [0m] Started User Manager for UID 1000.

Ubuntu 16.04.5 LTS ubuntu-xenial ttyS0

ubuntu-xenial login: [   23.489567] cloud-init[1463]: Generating locales (this might take a while)...
[   24.478817] cloud-init[1463]:   en_US.UTF-8... done
[   24.482619] cloud-init[1463]: Generation complete.
[   24.987187] cloud-init[1463]: Cloud-init v. 18.4-0ubuntu1~16.04.2 running 'modules:config' at Mon, 12 Nov 2018 21:46:44 +0000. Up 23.34 seconds.
ci-info: no authorized ssh keys fingerprints found for user ubuntu.
<14>Nov 12 21:46:47 ec2: 
<14>Nov 12 21:46:47 ec2: #############################################################
<14>Nov 12 21:46:47 ec2: -----BEGIN SSH HOST KEY FINGERPRINTS-----
<14>Nov 12 21:46:47 ec2: 1024 SHA256:Ibv3ej9HwJPPIKwWT+omBZaTwB87rGQkKYXBFMtQIJ8 root@ubuntu-xenial (DSA)
<14>Nov 12 21:46:47 ec2: 256 SHA256:sD6WOxxTnZZoWZxRZ95sjS31u8SPd3RwgzuB5914EUk root@ubuntu-xenial (ECDSA)
<14>Nov 12 21:46:47 ec2: 256 SHA256:Xrj43uSTrW18ovwt8tSLNaYSRX+n/rlKjfP6Ts/FXgg root@ubuntu-xenial (ED25519)
<14>Nov 12 21:46:47 ec2: 2048 SHA256:lwfkRuDZIcMjLj2NKv+5K+WtyLJZa1ZLLSJ529hWmZA root@ubuntu-xenial (RSA)
<14>Nov 12 21:46:47 ec2: -----END SSH HOST KEY FINGERPRINTS-----
<14>Nov 12 21:46:47 ec2: #############################################################
-----BEGIN SSH HOST KEY KEYS-----
ecdsa-sha2-nistp256 AAAAE2VjZHNhLXNoYTItbmlzdHAyNTYAAAAIbmlzdHAyNTYAAABBBK/8p3HIWwAPyG3bXUn79XMPwZ0eJwcnRzUx5n9XEtYiQxgiorX3KkvPw0oNAhGqIts4ObNvPDMkd7D/pu93VPU= root@ubuntu-xenial
ssh-ed25519 AAAAC3NzaC1lZDI1NTE5AAAAID4ujcFkChJOVH8s3yStiAykpX68SZhmgIu7OsGTEOTM root@ubuntu-xenial
ssh-rsa AAAAB3NzaC1yc2EAAAADAQABAAABAQCmiC1Fq9t2zRC7YziSOZaThml/MynMqijkVme5cKhkABJAcgCGSmzx13jtKEMcPAdgrGG0tkM1dOyUYX3+c7sgYoJWNi1l2vB4LQc99GJ1W0ed9ktxxak2qyllSG9Zh2wg/QhE13xNAsJoZ6UMnhnLzqQKyjop1JP/3Wv7Xm3AxD5MeNr+f6L0l6eFxxi8mrK+GgRrsN7IAbJ8ivJyqn5ODIgDJiLXBl9V+l6CdbCosXJy/AjvU5rNkbf+ANY2llvYToXmmrzM7+eHJ0moJqcHN3cmjBiJ8P1fsgZJhvS8h5eYUHlqB0um+VRSvPCl3+FNfqfzQZQWZ3RlKBWitUbx root@ubuntu-xenial
-----END SSH HOST KEY KEYS-----
[   25.797299] cloud-init[1577]: Cloud-init v. 18.4-0ubuntu1~16.04.2 running 'modules:final' at Mon, 12 Nov 2018 21:46:46 +0000. Up 25.58 seconds.
[   25.797677] cloud-init[1577]: ci-info: no authorized ssh keys fingerprints found for user ubuntu.
[   25.797819] cloud-init[1577]: Cloud-init v. 18.4-0ubuntu1~16.04.2 finished at Mon, 12 Nov 2018 21:46:47 +0000. Datasource DataSourceNoCloud [seed=/dev/sdb][dsmode=net].  Up 25.76 seconds
